<?xml version="1.0" encoding="UTF-8" standalone="no"?>
<testsuite errors="0" failures="5" name="io.cucumber.core.plugin.JUnitFormatter" skipped="0" tests="6" time="102.416">
    <testcase classname="Facebook Login" name="Valaidate User is Login to Facebook" time="24.843">
        <failure message="" type="java.lang.NullPointerException">
            <![CDATA[When I go to the home page..................................................passed
And I press Connect your Facebook account...................................passed
And I fill in 8806897397 for Email..........................................failed
And I fill in 8806897397 for Password.......................................skipped
And I press Login...........................................................skipped
Then I should be on the dashboard page......................................skipped

StackTrace:
java.lang.NullPointerException
	at StepDefination.FacbookLogin.i_fill_in_8806897397_for_email(FacbookLogin.java:29)
	at ✽.I fill in 8806897397 for Email(file:///C:/Users/Abc/eclipse-workspace/CucumberJava/src/test/resources/Features/FacebookLogin.feature:7)
]]>
        </failure>
    </testcase>
    <testcase classname="File Uploading" name="Verify the File is uploading or not" time="22.571">
        <failure message="chrome not reachable&#10;  (Session info: chrome=106.0.5249.62)&#10;Build info: version: '4.4.0', revision: 'e5c75ed026a'&#10;System info: host: 'DESKTOP-H5G6SCV', ip: '192.168.0.103', os.name: 'Windows 10', os.arch: 'amd64', os.version: '10.0', java.version: '11.0.16'&#10;Driver info: org.openqa.selenium.chrome.ChromeDriver&#10;Command: [b4a8cf9c8c67f55af5dcb5ca78c4d917, findElement {using=xpath, value=//input[@id='email']}]&#10;Capabilities {acceptInsecureCerts: false, browserName: chrome, browserVersion: 106.0.5249.62, chrome: {chromedriverVersion: 105.0.5195.52 (412c95e51883..., userDataDir: C:\Users\Abc\AppData\Local\...}, goog:chromeOptions: {debuggerAddress: localhost:20126}, networkConnectionEnabled: false, pageLoadStrategy: normal, platformName: WINDOWS, proxy: Proxy(), se:cdp: ws://localhost:20126/devtoo..., se:cdpVersion: 106.0.5249.62, setWindowRect: true, strictFileInteractability: false, timeouts: {implicit: 0, pageLoad: 300000, script: 30000}, unhandledPromptBehavior: dismiss and notify, webauthn:extension:credBlob: true, webauthn:extension:largeBlob: true, webauthn:virtualAuthenticators: true}&#10;Session ID: b4a8cf9c8c67f55af5dcb5ca78c4d917" type="org.openqa.selenium.WebDriverException">
            <![CDATA[Given that the user is on upload file screen................................failed
When a user clicks on the Browse button.....................................skipped
And user enters <filename> onto the upload textbox..........................skipped
And user clicks on the enter button.........................................skipped
Then verify that the file upload is successful..............................skipped

StackTrace:
org.openqa.selenium.WebDriverException: chrome not reachable
  (Session info: chrome=106.0.5249.62)
Build info: version: '4.4.0', revision: 'e5c75ed026a'
System info: host: 'DESKTOP-H5G6SCV', ip: '192.168.0.103', os.name: 'Windows 10', os.arch: 'amd64', os.version: '10.0', java.version: '11.0.16'
Driver info: org.openqa.selenium.chrome.ChromeDriver
Command: [b4a8cf9c8c67f55af5dcb5ca78c4d917, findElement {using=xpath, value=//input[@id='email']}]
Capabilities {acceptInsecureCerts: false, browserName: chrome, browserVersion: 106.0.5249.62, chrome: {chromedriverVersion: 105.0.5195.52 (412c95e51883..., userDataDir: C:\Users\Abc\AppData\Local\...}, goog:chromeOptions: {debuggerAddress: localhost:20126}, networkConnectionEnabled: false, pageLoadStrategy: normal, platformName: WINDOWS, proxy: Proxy(), se:cdp: ws://localhost:20126/devtoo..., se:cdpVersion: 106.0.5249.62, setWindowRect: true, strictFileInteractability: false, timeouts: {implicit: 0, pageLoad: 300000, script: 30000}, unhandledPromptBehavior: dismiss and notify, webauthn:extension:credBlob: true, webauthn:extension:largeBlob: true, webauthn:virtualAuthenticators: true}
Session ID: b4a8cf9c8c67f55af5dcb5ca78c4d917
	at java.base/jdk.internal.reflect.NativeConstructorAccessorImpl.newInstance0(Native Method)
	at java.base/jdk.internal.reflect.NativeConstructorAccessorImpl.newInstance(NativeConstructorAccessorImpl.java:62)
	at java.base/jdk.internal.reflect.DelegatingConstructorAccessorImpl.newInstance(DelegatingConstructorAccessorImpl.java:45)
	at java.base/java.lang.reflect.Constructor.newInstance(Constructor.java:490)
	at org.openqa.selenium.remote.codec.w3c.W3CHttpResponseCodec.createException(W3CHttpResponseCodec.java:200)
	at org.openqa.selenium.remote.codec.w3c.W3CHttpResponseCodec.decode(W3CHttpResponseCodec.java:133)
	at org.openqa.selenium.remote.codec.w3c.W3CHttpResponseCodec.decode(W3CHttpResponseCodec.java:53)
	at org.openqa.selenium.remote.HttpCommandExecutor.execute(HttpCommandExecutor.java:184)
	at org.openqa.selenium.remote.service.DriverCommandExecutor.invokeExecute(DriverCommandExecutor.java:167)
	at org.openqa.selenium.remote.service.DriverCommandExecutor.execute(DriverCommandExecutor.java:142)
	at org.openqa.selenium.remote.RemoteWebDriver.execute(RemoteWebDriver.java:547)
	at org.openqa.selenium.remote.ElementLocation$ElementFinder$2.findElement(ElementLocation.java:162)
	at org.openqa.selenium.remote.ElementLocation.findElement(ElementLocation.java:60)
	at org.openqa.selenium.remote.RemoteWebDriver.findElement(RemoteWebDriver.java:365)
	at org.openqa.selenium.remote.RemoteWebDriver.findElement(RemoteWebDriver.java:357)
	at StepDefination.FileUpload.that_the_user_is_on_upload_file_screen(FileUpload.java:20)
	at ✽.that the user is on upload file screen.(file:///C:/Users/Abc/eclipse-workspace/CucumberJava/src/test/resources/Features/FileUpload.feature:4)
]]>
        </failure>
    </testcase>
    <testcase classname="File Uploading" name="" time="0">
        <failure message="The scenario has no steps" type="java.lang.Exception"/>
    </testcase>
    <testcase classname="Feature to test google search" name="Validate the Google Search is working" time="22.789">
        <failure message="" type="java.lang.NullPointerException">
            <![CDATA[Given Browser is open.......................................................passed
And user is on search page..................................................failed
When user is enter text in search box.......................................skipped
And hits enter..............................................................skipped
Then user is navigated to search results....................................skipped

StackTrace:
java.lang.NullPointerException
	at StepDefination.GoogleSearch.user_is_on_search_page(GoogleSearch.java:28)
	at ✽.user is on search page(file:///C:/Users/Abc/eclipse-workspace/CucumberJava/src/test/resources/Features/GoogleSearch.feature:5)
]]>
        </failure>
    </testcase>
    <testcase classname="Login to test" name="User is login successfully" time="0.002">
        <system-out>
            <![CDATA[Given User is login page....................................................passed
When User enter username and password.......................................passed
And Click on login button...................................................passed
Then User is navigate to home page..........................................passed
]]>
        </system-out>
    </testcase>
    <testcase classname="Login Functionality Feature" name="Login Functionality" time="31.579">
        <failure message="" type="java.lang.NullPointerException">
            <![CDATA[Given user navigates to SOFTWARETESTINGHELP.COM.............................passed
When user logs in using Username as <username> and Password <password>......passed
Then login should be successful.............................................failed

StackTrace:
java.lang.NullPointerException
	at StepDefination.LoginDemo.login_should_be_successful(LoginDemo.java:30)
	at ✽.login should be successful(file:///C:/Users/Abc/eclipse-workspace/CucumberJava/src/test/resources/Features/LoginDemo.feature:7)
]]>
        </failure>
    </testcase>
</testsuite>
